<?xml version="1.0" encoding="UTF-8"?>
<!-- Generated by org.testng.reporters.JUnitXMLReporter -->
<testsuite ignored="0" hostname="LAPTOP-3CF66GBG" failures="0" tests="2" name="RegressionTest_chrome" time="36.276" errors="0" timestamp="2023-02-05T00:05:10 IST">
  <testcase classname="com.satwa.tests.OrangeHRMTests" name="createAnEmployee" time="35.088"/>
  <testcase classname="com.satwa.tests.OrangeHRMTests" name="addLogInPerformance" time="36.219"/>
</testsuite> <!-- RegressionTest_chrome -->
