<?xml version="1.0" encoding="UTF-8"?>
<!-- Generated by org.testng.reporters.JUnitXMLReporter -->
<testsuite ignored="1" hostname="LAPTOP-3CF66GBG" failures="0" tests="1" name="RegressionTest_edge" time="33.112" errors="0" timestamp="2023-02-05T00:03:29 IST">
  <testcase classname="com.satwa.tests.OrangeHRMTests" name="createAnEmployee" time="33.058"/>
  <testcase classname="com.satwa.tests.OrangeHRMTests" name="addLogInPerformance" time="0.0">
    <ignored/>
  </testcase> <!-- addLogInPerformance -->
</testsuite> <!-- RegressionTest_edge -->
