<?xml version="1.0" encoding="UTF-8"?>
<!-- Generated by org.testng.reporters.JUnitXMLReporter -->
<testsuite ignored="6" hostname="LAPTOP-3CF66GBG" failures="1" tests="6" name="RegressionTest" time="0.126" errors="0" timestamp="2022-09-13T19:59:59 IST">
  <testcase classname="com.satwa.tests.Contacts" name="createNewCOntact" time="0.019">
    <skipped/>
  </testcase> <!-- createNewCOntact -->
  <testcase classname="com.satwa.tests.Contacts" name="createNewCOntact" time="0.004">
    <skipped/>
  </testcase> <!-- createNewCOntact -->
  <testcase classname="com.satwa.tests.Contacts" name="createNewCOntact" time="0.003">
    <skipped/>
  </testcase> <!-- createNewCOntact -->
  <testcase classname="com.satwa.tests.Contacts" name="createNewCOntact" time="0.002">
    <skipped/>
  </testcase> <!-- createNewCOntact -->
  <testcase classname="com.satwa.tests.Contacts" name="createNewCOntact" time="0.002">
    <skipped/>
  </testcase> <!-- createNewCOntact -->
  <testcase classname="com.satwa.tests.Contacts" name="createNewCOntact" time="0.003">
    <failure type="java.lang.AssertionError" message="expected [false] but found [true]">
      <![CDATA[java.lang.AssertionError: expected [false] but found [true]
at com.satwa.tests.Contacts.createNewCOntact(Contacts.java:19)
at java.base/java.util.ArrayList.forEach(ArrayList.java:1511)
... Removed 31 stack frames]]>
    </failure>
  </testcase> <!-- createNewCOntact -->
  <testcase classname="com.satwa.tests.Contacts" name="deleteCOntact" time="0.0">
    <ignored/>
  </testcase> <!-- deleteCOntact -->
  <testcase classname="com.satwa.tests.Contacts" name="modifyContact" time="0.0">
    <ignored/>
  </testcase> <!-- modifyContact -->
  <testcase classname="com.satwa.tests.Contacts" name="modifyCOntact_updateStatus" time="0.0">
    <ignored/>
  </testcase> <!-- modifyCOntact_updateStatus -->
  <testcase classname="com.satwa.tests.Contacts" name="createNewDeal_duplicateInfo" time="0.0">
    <ignored/>
  </testcase> <!-- createNewDeal_duplicateInfo -->
  <testcase classname="com.satwa.tests.Contacts" name="deleteMultipleContacts" time="0.0">
    <ignored/>
  </testcase> <!-- deleteMultipleContacts -->
  <testcase classname="com.satwa.tests.Contacts" name="createNewConract_activeStatus" time="0.0">
    <ignored/>
  </testcase> <!-- createNewConract_activeStatus -->
</testsuite> <!-- RegressionTest -->
