<?xml version="1.0" encoding="UTF-8"?>
<!-- Generated by org.testng.reporters.JUnitXMLReporter -->
<testsuite ignored="0" hostname="LAPTOP-3CF66GBG" failures="1" tests="1" name="chrome" time="24.79" errors="0" timestamp="2022-08-29T20:26:44 IST">
  <testcase classname="com.satwa.tests.CreateCompany" name="CreateCompany01_createNewCompanyWithPublicStatus" time="15.13">
    <failure type="java.lang.IllegalArgumentException" message="Keys to send should be a not null CharSequence">
      <![CDATA[java.lang.IllegalArgumentException: Keys to send should be a not null CharSequence
at org.openqa.selenium.remote.RemoteWebElement.sendKeys(RemoteWebElement.java:98)
at org.openqa.selenium.support.pagefactory.internal.LocatingElementHandler.invoke(LocatingElementHandler.java:52)
at jdk.proxy2/jdk.proxy2.$Proxy29.sendKeys(Unknown Source)
at com.satwa.utils.EventUtil.enterValue(EventUtil.java:90)
at com.satwa.pages.NewCompanyPage.enterCompanyData(NewCompanyPage.java:51)
at com.satwa.tests.CreateCompany.CreateCompany01_createNewCompanyWithPublicStatus(CreateCompany.java:52)
at java.base/java.util.ArrayList.forEach(ArrayList.java:1511)
at java.base/java.util.concurrent.FutureTask.run(FutureTask.java:264)
at java.base/java.util.concurrent.ThreadPoolExecutor.runWorker(ThreadPoolExecutor.java:1136)
at java.base/java.util.concurrent.ThreadPoolExecutor$Worker.run(ThreadPoolExecutor.java:635)
at java.base/java.lang.Thread.run(Thread.java:833)
... Removed 21 stack frames]]>
    </failure>
  </testcase> <!-- CreateCompany01_createNewCompanyWithPublicStatus -->
</testsuite> <!-- chrome -->
