<?xml version="1.0" encoding="UTF-8"?>
<!-- Generated by org.testng.reporters.JUnitXMLReporter -->
<testsuite ignored="0" hostname="LAPTOP-3CF66GBG" failures="0" tests="1" name="companies" time="25.698" errors="0" timestamp="2022-08-29T14:32:34 IST">
  <testcase classname="com.satwa.pages.Configuration" name="@BeforeMethod intializeTest" time="6.648">
    <failure type="java.lang.NullPointerException" message="Cannot invoke &amp;quot;com.satwa.utils.ReporterUtil.addTest(String)&amp;quot; because the return value of &amp;quot;com.satwa.utils.ReporterUtil.get()&amp;quot; is null">
      <![CDATA[java.lang.NullPointerException: Cannot invoke "com.satwa.utils.ReporterUtil.addTest(String)" because the return value of "com.satwa.utils.ReporterUtil.get()" is null
at com.satwa.pages.Configuration.intializeTest(Configuration.java:47)
at java.base/java.util.ArrayList.forEach(ArrayList.java:1511)
at java.base/java.util.concurrent.FutureTask.run(FutureTask.java:264)
at java.base/java.util.concurrent.ThreadPoolExecutor.runWorker(ThreadPoolExecutor.java:1136)
at java.base/java.util.concurrent.ThreadPoolExecutor$Worker.run(ThreadPoolExecutor.java:635)
at java.base/java.lang.Thread.run(Thread.java:833)
... Removed 21 stack frames]]>
    </failure>
  </testcase> <!-- @BeforeMethod intializeTest -->
  <testcase classname="com.satwa.pages.Configuration" name="@BeforeMethod setUpPages" time="0.0">
    <skipped/>
  </testcase> <!-- @BeforeMethod setUpPages -->
  <testcase classname="com.satwa.pages.Configuration" name="@AfterMethod afterMethod" time="0.0">
    <skipped/>
  </testcase> <!-- @AfterMethod afterMethod -->
  <testcase classname="com.satwa.pages.Configuration" name="@BeforeMethod intializeTest" time="25.639">
    <failure type="java.lang.NullPointerException" message="Cannot invoke &amp;quot;com.satwa.utils.ReporterUtil.addTest(String)&amp;quot; because the return value of &amp;quot;com.satwa.utils.ReporterUtil.get()&amp;quot; is null">
      <![CDATA[java.lang.NullPointerException: Cannot invoke "com.satwa.utils.ReporterUtil.addTest(String)" because the return value of "com.satwa.utils.ReporterUtil.get()" is null
at com.satwa.pages.Configuration.intializeTest(Configuration.java:47)
at java.base/java.util.ArrayList.forEach(ArrayList.java:1511)
at java.base/java.util.concurrent.FutureTask.run(FutureTask.java:264)
at java.base/java.util.concurrent.ThreadPoolExecutor.runWorker(ThreadPoolExecutor.java:1136)
at java.base/java.util.concurrent.ThreadPoolExecutor$Worker.run(ThreadPoolExecutor.java:635)
at java.base/java.lang.Thread.run(Thread.java:833)
... Removed 21 stack frames]]>
    </failure>
  </testcase> <!-- @BeforeMethod intializeTest -->
  <testcase classname="com.satwa.pages.Configuration" name="@BeforeMethod setUpPages" time="0.0">
    <skipped/>
  </testcase> <!-- @BeforeMethod setUpPages -->
  <testcase classname="com.satwa.pages.Configuration" name="@AfterMethod afterMethod" time="0.0">
    <skipped/>
  </testcase> <!-- @AfterMethod afterMethod -->
  <testcase classname="com.satwa.tests.CreateCompany" name="CreateCompany01_createNewCompanyWithPublicStatus" time="0.0">
    <skipped/>
  </testcase> <!-- CreateCompany01_createNewCompanyWithPublicStatus -->
</testsuite> <!-- companies -->
